Drill report for rs232.kicad_pcb
Created on 2023 May 12, Friday 11:36:08

Copper Layer Stackup:
    =============================================================
    L1 :  F.Cu                      front
    L2 :  B.Cu                      back


Drill file 'rs232-PTH.drl' contains
    plated through holes:
    =============================================================
    T1  0.400mm  0.0157"  (21 holes)
    T2  0.500mm  0.0197"  (20 holes)
    T3  0.700mm  0.0276"  (10 holes)
    T4  0.800mm  0.0315"  (54 holes)
    T5  1.000mm  0.0394"  (2 holes)
    T6  1.100mm  0.0433"  (4 holes)

    Total plated holes count 111


Drill file 'rs232-NPTH.drl' contains
    unplated through holes:
    =============================================================

    Total unplated holes count 0
